<?xml version="1.0" encoding="UTF-8"?>
<!-- Generated by org.testng.reporters.JUnitReportReporter -->
<testsuite hostname="DESKTOP-SHTEJTV" name="undostres.Unostres" tests="1" failures="0" timestamp="3 Sep 2022 20:24:37 GMT" time="29.969" errors="0">
  <testcase name="E2E_TC0001" time="29.969" classname="undostres.Unostres"/>
</testsuite> <!-- undostres.Unostres -->
